Flutter crash report; please file at https://github.com/flutter/flutter/issues.

## command

flutter build bundle --target /Users/mobdev/Desktop/FloodUp/lib/main.dart --target-platform android-x86 --filesystem-scheme org-dartlang-root --track-widget-creation --depfile /Users/mobdev/Desktop/FloodUp/build/app/intermediates/flutter/debug/android-x86/snapshot_blob.bin.d --asset-dir /Users/mobdev/Desktop/FloodUp/build/app/intermediates/flutter/debug/android-x86/flutter_assets --debug

## exception

FileSystemException: FileSystemException: Cannot open file, path = 'build/app.dill.track.dill' (OS Error: No such file or directory, errno = 2)

```
#0      _File.open.<anonymous closure> (dart:io/file_impl.dart:364:9)
#1      _rootRunUnary (dart:async/zone.dart:1132:38)
#2      _CustomZone.runUnary (dart:async/zone.dart:1029:19)
#3      _FutureListener.handleValue (dart:async/future_impl.dart:137:18)
#4      Future._propagateToListeners.handleValueCallback (dart:async/future_impl.dart:678:45)
#5      Future._propagateToListeners (dart:async/future_impl.dart:707:32)
#6      Future._completeWithValue (dart:async/future_impl.dart:522:5)
#7      Future._asyncComplete.<anonymous closure> (dart:async/future_impl.dart:552:7)
#8      _rootRun (dart:async/zone.dart:1124:13)
#9      _CustomZone.run (dart:async/zone.dart:1021:19)
#10     _CustomZone.runGuarded (dart:async/zone.dart:923:7)
#11     _CustomZone.bindCallbackGuarded.<anonymous closure> (dart:async/zone.dart:963:23)
#12     _microtaskLoop (dart:async/schedule_microtask.dart:41:21)
#13     _startMicrotaskLoop (dart:async/schedule_microtask.dart:50:5)
#14     _runPendingImmediateCallback (dart:isolate-patch/isolate_patch.dart:116:13)
#15     _RawReceivePortImpl._handleMessage (dart:isolate-patch/isolate_patch.dart:173:5)
```

## flutter doctor

```
[✓] Flutter (Channel stable, v1.9.1+hotfix.4, on Mac OS X 10.13.6 17G65, locale en-US)
    • Flutter version 1.9.1+hotfix.4 at /Volumes/Extra/flutter
    • Framework revision cc949a8e8b (11 days ago), 2019-09-27 15:04:59 -0700
    • Engine revision b863200c37
    • Dart version 2.5.0

[✓] Android toolchain - develop for Android devices (Android SDK version 29.0.2)
    • Android SDK at /Users/mobdev/Library/Android/sdk
    • Android NDK location not configured (optional; useful for native profiling support)
    • Platform android-29, build-tools 29.0.2
    • Java binary at: /Applications/Android Studio.app/Contents/jre/jdk/Contents/Home/bin/java
    • Java version OpenJDK Runtime Environment (build 1.8.0_202-release-1483-b49-5587405)
    • All Android licenses accepted.

[✓] Xcode - develop for iOS and macOS (Xcode 10.2.1)
    • Xcode at /Applications/Xcode.app/Contents/Developer
    • Xcode 10.2.1, Build version 10E1001
    • CocoaPods version 1.7.5

[✓] Android Studio (version 3.5)
    • Android Studio at /Applications/Android Studio.app/Contents
    • Flutter plugin version 39.0.3
    • Dart plugin version 191.8423
    • Java version OpenJDK Runtime Environment (build 1.8.0_202-release-1483-b49-5587405)

[✓] Connected device (2 available)
    • Android SDK built for x86 • emulator-5554                        • android-x86 • Android 10 (API 29)
    • iPhone Xʀ                 • D7817254-C77E-49F8-912F-DF306ADF20DF • ios         • com.apple.CoreSimulator.SimRuntime.iOS-12-2 (simulator)

• No issues found!
```
